# JRE version: OpenJDK Runtime Environment (8.0_292-b10) (build 1.8.0_292-8u292-b10-0ubuntu1~18.04-b10)
# Java VM: OpenJDK 64-Bit Server VM (25.292-b10 mixed mode linux-amd64 compressed oops)
Heap:
 PSYoungGen      total 701440K, used 16787K [0x000000076ab00000, 0x0000000798e80000, 0x00000007c0000000)
  eden space 662016K, 0% used [0x000000076ab00000,0x000000076ab00000,0x0000000793180000)
  from space 39424K, 42% used [0x0000000793180000,0x00000007941e4d90,0x0000000795800000)
  to   space 41472K, 0% used [0x0000000795800000,0x0000000795800000,0x0000000798080000)
 ParOldGen       total 690688K, used 49837K [0x00000006c0000000, 0x00000006ea280000, 0x000000076ab00000)
  object space 690688K, 7% used [0x00000006c0000000,0x00000006c30ab6f8,0x00000006ea280000)
 Metaspace       used 276041K, capacity 291027K, committed 291200K, reserved 1312768K
  class space    used 27484K, capacity 28540K, committed 28544K, reserved 1048576K
GC Heap History (10 events):
Event: 33.307 GC heap after
Heap after GC invocations=36 (full 6):
 PSYoungGen      total 569856K, used 11424K [0x000000076ab00000, 0x0000000790500000, 0x00000007c0000000)
  eden space 524288K, 0% used [0x000000076ab00000,0x000000076ab00000,0x000000078ab00000)
  from space 45568K, 25% used [0x000000078d880000,0x000000078e3a8388,0x0000000790500000)
  to   space 46080K, 0% used [0x000000078ab00000,0x000000078ab00000,0x000000078d800000)
 ParOldGen       total 690688K, used 49789K [0x00000006c0000000, 0x00000006ea280000, 0x000000076ab00000)
  object space 690688K, 7% used [0x00000006c0000000,0x00000006c309f6f8,0x00000006ea280000)
 Metaspace       used 272778K, capacity 286087K, committed 286208K, reserved 1308672K
  class space    used 26898K, capacity 27886K, committed 27904K, reserved 1048576K
}
Event: 34.120 GC heap before
{Heap before GC invocations=37 (full 6):
 PSYoungGen      total 569856K, used 535712K [0x000000076ab00000, 0x0000000790500000, 0x00000007c0000000)
  eden space 524288K, 100% used [0x000000076ab00000,0x000000078ab00000,0x000000078ab00000)
  from space 45568K, 25% used [0x000000078d880000,0x000000078e3a8388,0x0000000790500000)
  to   space 46080K, 0% used [0x000000078ab00000,0x000000078ab00000,0x000000078d800000)
 ParOldGen       total 690688K, used 49789K [0x00000006c0000000, 0x00000006ea280000, 0x000000076ab00000)
  object space 690688K, 7% used [0x00000006c0000000,0x00000006c309f6f8,0x00000006ea280000)
 Metaspace       used 272977K, capacity 286331K, committed 286592K, reserved 1308672K
  class space    used 26926K, capacity 27916K, committed 28032K, reserved 1048576K
Event: 34.128 GC heap after
Heap after GC invocations=37 (full 6):
 PSYoungGen      total 570368K, used 7516K [0x000000076ab00000, 0x0000000794180000, 0x00000007c0000000)
  eden space 524288K, 0% used [0x000000076ab00000,0x000000076ab00000,0x000000078ab00000)
  from space 46080K, 16% used [0x000000078ab00000,0x000000078b257150,0x000000078d800000)
  to   space 44544K, 0% used [0x0000000791600000,0x0000000791600000,0x0000000794180000)
 ParOldGen       total 690688K, used 49797K [0x00000006c0000000, 0x00000006ea280000, 0x000000076ab00000)
  object space 690688K, 7% used [0x00000006c0000000,0x00000006c30a16f8,0x00000006ea280000)
 Metaspace       used 272977K, capacity 286331K, committed 286592K, reserved 1308672K
  class space    used 26926K, capacity 27916K, committed 28032K, reserved 1048576K
}
Event: 34.919 GC heap before
{Heap before GC invocations=38 (full 6):
 PSYoungGen      total 570368K, used 531804K [0x000000076ab00000, 0x0000000794180000, 0x00000007c0000000)
  eden space 524288K, 100% used [0x000000076ab00000,0x000000078ab00000,0x000000078ab00000)
  from space 46080K, 16% used [0x000000078ab00000,0x000000078b257150,0x000000078d800000)
  to   space 44544K, 0% used [0x0000000791600000,0x0000000791600000,0x0000000794180000)
 ParOldGen       total 690688K, used 49797K [0x00000006c0000000, 0x00000006ea280000, 0x000000076ab00000)
  object space 690688K, 7% used [0x00000006c0000000,0x00000006c30a16f8,0x00000006ea280000)
 Metaspace       used 273244K, capacity 286613K, committed 286848K, reserved 1308672K
  class space    used 26955K, capacity 27943K, committed 28032K, reserved 1048576K
Event: 34.938 GC heap after
Heap after GC invocations=38 (full 6):
 PSYoungGen      total 634880K, used 5202K [0x000000076ab00000, 0x0000000794680000, 0x00000007c0000000)
  eden space 590336K, 0% used [0x000000076ab00000,0x000000076ab00000,0x000000078eb80000)
  from space 44544K, 11% used [0x0000000791600000,0x0000000791b14960,0x0000000794180000)
  to   space 43520K, 0% used [0x000000078eb80000,0x000000078eb80000,0x0000000791600000)
 ParOldGen       total 690688K, used 49805K [0x00000006c0000000, 0x00000006ea280000, 0x000000076ab00000)
  object space 690688K, 7% used [0x00000006c0000000,0x00000006c30a36f8,0x00000006ea280000)
 Metaspace       used 273244K, capacity 286613K, committed 286848K, reserved 1308672K
  class space    used 26955K, capacity 27943K, committed 28032K, reserved 1048576K
}
Event: 36.027 GC heap before
{Heap before GC invocations=39 (full 6):
 PSYoungGen      total 634880K, used 595538K [0x000000076ab00000, 0x0000000794680000, 0x00000007c0000000)
  eden space 590336K, 100% used [0x000000076ab00000,0x000000078eb80000,0x000000078eb80000)
  from space 44544K, 11% used [0x0000000791600000,0x0000000791b14960,0x0000000794180000)
  to   space 43520K, 0% used [0x000000078eb80000,0x000000078eb80000,0x0000000791600000)
 ParOldGen       total 690688K, used 49805K [0x00000006c0000000, 0x00000006ea280000, 0x000000076ab00000)
  object space 690688K, 7% used [0x00000006c0000000,0x00000006c30a36f8,0x00000006ea280000)
 Metaspace       used 273885K, capacity 287599K, committed 287744K, reserved 1308672K
  class space    used 27056K, capacity 28051K, committed 28160K, reserved 1048576K
Event: 36.048 GC heap after
Heap after GC invocations=39 (full 6):
 PSYoungGen      total 633856K, used 10678K [0x000000076ab00000, 0x0000000798080000, 0x00000007c0000000)
  eden space 590336K, 0% used [0x000000076ab00000,0x000000076ab00000,0x000000078eb80000)
  from space 43520K, 24% used [0x000000078eb80000,0x000000078f5edba0,0x0000000791600000)
  to   space 41472K, 0% used [0x0000000795800000,0x0000000795800000,0x0000000798080000)
 ParOldGen       total 690688K, used 49813K [0x00000006c0000000, 0x00000006ea280000, 0x000000076ab00000)
  object space 690688K, 7% used [0x00000006c0000000,0x00000006c30a56f8,0x00000006ea280000)
 Metaspace       used 273885K, capacity 287599K, committed 287744K, reserved 1308672K
  class space    used 27056K, capacity 28051K, committed 28160K, reserved 1048576K
}
Event: 37.556 GC heap before
{Heap before GC invocations=40 (full 6):
 PSYoungGen      total 633856K, used 601014K [0x000000076ab00000, 0x0000000798080000, 0x00000007c0000000)
  eden space 590336K, 100% used [0x000000076ab00000,0x000000078eb80000,0x000000078eb80000)
  from space 43520K, 24% used [0x000000078eb80000,0x000000078f5edba0,0x0000000791600000)
  to   space 41472K, 0% used [0x0000000795800000,0x0000000795800000,0x0000000798080000)
 ParOldGen       total 690688K, used 49813K [0x00000006c0000000, 0x00000006ea280000, 0x000000076ab00000)
  object space 690688K, 7% used [0x00000006c0000000,0x00000006c30a56f8,0x00000006ea280000)
 Metaspace       used 274920K, capacity 289177K, committed 289408K, reserved 1310720K
  class space    used 27246K, capacity 28268K, committed 28288K, reserved 1048576K
Event: 37.666 GC heap after
Heap after GC invocations=40 (full 6):
 PSYoungGen      total 703488K, used 16307K [0x000000076ab00000, 0x0000000798e80000, 0x00000007c0000000)
  eden space 662016K, 0% used [0x000000076ab00000,0x000000076ab00000,0x0000000793180000)
  from space 41472K, 39% used [0x0000000795800000,0x00000007967ecfd8,0x0000000798080000)
  to   space 39424K, 0% used [0x0000000793180000,0x0000000793180000,0x0000000795800000)
 ParOldGen       total 690688K, used 49829K [0x00000006c0000000, 0x00000006ea280000, 0x000000076ab00000)
  object space 690688K, 7% used [0x00000006c0000000,0x00000006c30a96f8,0x00000006ea280000)
 Metaspace       used 274920K, capacity 289177K, committed 289408K, reserved 1310720K
  class space    used 27246K, capacity 28268K, committed 28288K, reserved 1048576K
}
Event: 48.338 GC heap before
{Heap before GC invocations=41 (full 6):
 PSYoungGen      total 703488K, used 678323K [0x000000076ab00000, 0x0000000798e80000, 0x00000007c0000000)
  eden space 662016K, 100% used [0x000000076ab00000,0x0000000793180000,0x0000000793180000)
  from space 41472K, 39% used [0x0000000795800000,0x00000007967ecfd8,0x0000000798080000)
  to   space 39424K, 0% used [0x0000000793180000,0x0000000793180000,0x0000000795800000)
 ParOldGen       total 690688K, used 49829K [0x00000006c0000000, 0x00000006ea280000, 0x000000076ab00000)
  object space 690688K, 7% used [0x00000006c0000000,0x00000006c30a96f8,0x00000006ea280000)
 Metaspace       used 276041K, capacity 291027K, committed 291200K, reserved 1312768K
  class space    used 27484K, capacity 28540K, committed 28544K, reserved 1048576K

