# JRE version: OpenJDK Runtime Environment (8.0_292-b10) (build 1.8.0_292-8u292-b10-0ubuntu1~18.04-b10)
# Java VM: OpenJDK 64-Bit Server VM (25.292-b10 mixed mode linux-amd64 compressed oops)
Heap:
 PSYoungGen      total 1148416K, used 33030K [0x000000076ab00000, 0x00000007b3b00000, 0x00000007c0000000)
  eden space 1100800K, 0% used [0x000000076ab00000,0x000000076ab00000,0x00000007ade00000)
  from space 47616K, 69% used [0x00000007ade00000,0x00000007afe41a88,0x00000007b0c80000)
  to   space 47104K, 0% used [0x00000007b0c80000,0x00000007b0c80000,0x00000007b3a80000)
 ParOldGen       total 710144K, used 61264K [0x00000006c0000000, 0x00000006eb580000, 0x000000076ab00000)
  object space 710144K, 8% used [0x00000006c0000000,0x00000006c3bd41a8,0x00000006eb580000)
 Metaspace       used 317423K, capacity 347018K, committed 347136K, reserved 1361920K
  class space    used 32028K, capacity 33721K, committed 33792K, reserved 1048576K
GC Heap History (10 events):
Event: 77.595 GC heap after
Heap after GC invocations=54 (full 6):
 PSYoungGen      total 1025536K, used 33623K [0x000000076ab00000, 0x00000007ac600000, 0x00000007c0000000)
  eden space 985088K, 0% used [0x000000076ab00000,0x000000076ab00000,0x00000007a6d00000)
  from space 40448K, 83% used [0x00000007a9e80000,0x00000007abf55dd8,0x00000007ac600000)
  to   space 45568K, 0% used [0x00000007a6d00000,0x00000007a6d00000,0x00000007a9980000)
 ParOldGen       total 710144K, used 58432K [0x00000006c0000000, 0x00000006eb580000, 0x000000076ab00000)
  object space 710144K, 8% used [0x00000006c0000000,0x00000006c3910198,0x00000006eb580000)
 Metaspace       used 308871K, capacity 334956K, committed 335104K, reserved 1351680K
  class space    used 31027K, capacity 32505K, committed 32512K, reserved 1048576K
}
Event: 80.643 GC heap before
{Heap before GC invocations=55 (full 6):
 PSYoungGen      total 1025536K, used 1018711K [0x000000076ab00000, 0x00000007ac600000, 0x00000007c0000000)
  eden space 985088K, 100% used [0x000000076ab00000,0x00000007a6d00000,0x00000007a6d00000)
  from space 40448K, 83% used [0x00000007a9e80000,0x00000007abf55dd8,0x00000007ac600000)
  to   space 45568K, 0% used [0x00000007a6d00000,0x00000007a6d00000,0x00000007a9980000)
 ParOldGen       total 710144K, used 58432K [0x00000006c0000000, 0x00000006eb580000, 0x000000076ab00000)
  object space 710144K, 8% used [0x00000006c0000000,0x00000006c3910198,0x00000006eb580000)
 Metaspace       used 313322K, capacity 340376K, committed 340608K, reserved 1357824K
  class space    used 31264K, capacity 32819K, committed 32896K, reserved 1048576K
Event: 80.673 GC heap after
Heap after GC invocations=55 (full 6):
 PSYoungGen      total 1030656K, used 29818K [0x000000076ab00000, 0x00000007af300000, 0x00000007c0000000)
  eden space 985088K, 0% used [0x000000076ab00000,0x000000076ab00000,0x00000007a6d00000)
  from space 45568K, 65% used [0x00000007a6d00000,0x00000007a8a1e988,0x00000007a9980000)
  to   space 46080K, 0% used [0x00000007ac600000,0x00000007ac600000,0x00000007af300000)
 ParOldGen       total 710144K, used 58728K [0x00000006c0000000, 0x00000006eb580000, 0x000000076ab00000)
  object space 710144K, 8% used [0x00000006c0000000,0x00000006c395a1a8,0x00000006eb580000)
 Metaspace       used 313322K, capacity 340376K, committed 340608K, reserved 1357824K
  class space    used 31264K, capacity 32819K, committed 32896K, reserved 1048576K
}
Event: 82.864 GC heap before
{Heap before GC invocations=56 (full 6):
 PSYoungGen      total 1030656K, used 1014906K [0x000000076ab00000, 0x00000007af300000, 0x00000007c0000000)
  eden space 985088K, 100% used [0x000000076ab00000,0x00000007a6d00000,0x00000007a6d00000)
  from space 45568K, 65% used [0x00000007a6d00000,0x00000007a8a1e988,0x00000007a9980000)
  to   space 46080K, 0% used [0x00000007ac600000,0x00000007ac600000,0x00000007af300000)
 ParOldGen       total 710144K, used 58728K [0x00000006c0000000, 0x00000006eb580000, 0x000000076ab00000)
  object space 710144K, 8% used [0x00000006c0000000,0x00000006c395a1a8,0x00000006eb580000)
 Metaspace       used 314556K, capacity 342222K, committed 342400K, reserved 1357824K
  class space    used 31444K, capacity 33036K, committed 33152K, reserved 1048576K
Event: 82.929 GC heap after
Heap after GC invocations=56 (full 6):
 PSYoungGen      total 1076736K, used 29166K [0x000000076ab00000, 0x00000007b0680000, 0x00000007c0000000)
  eden space 1030656K, 0% used [0x000000076ab00000,0x000000076ab00000,0x00000007a9980000)
  from space 46080K, 63% used [0x00000007ac600000,0x00000007ae27b8b8,0x00000007af300000)
  to   space 45568K, 0% used [0x00000007a9980000,0x00000007a9980000,0x00000007ac600000)
 ParOldGen       total 710144K, used 59288K [0x00000006c0000000, 0x00000006eb580000, 0x000000076ab00000)
  object space 710144K, 8% used [0x00000006c0000000,0x00000006c39e61a8,0x00000006eb580000)
 Metaspace       used 314556K, capacity 342222K, committed 342400K, reserved 1357824K
  class space    used 31444K, capacity 33036K, committed 33152K, reserved 1048576K
}
Event: 84.828 GC heap before
{Heap before GC invocations=57 (full 6):
 PSYoungGen      total 1076736K, used 1059822K [0x000000076ab00000, 0x00000007b0680000, 0x00000007c0000000)
  eden space 1030656K, 100% used [0x000000076ab00000,0x00000007a9980000,0x00000007a9980000)
  from space 46080K, 63% used [0x00000007ac600000,0x00000007ae27b8b8,0x00000007af300000)
  to   space 45568K, 0% used [0x00000007a9980000,0x00000007a9980000,0x00000007ac600000)
 ParOldGen       total 710144K, used 59288K [0x00000006c0000000, 0x00000006eb580000, 0x000000076ab00000)
  object space 710144K, 8% used [0x00000006c0000000,0x00000006c39e61a8,0x00000006eb580000)
 Metaspace       used 315399K, capacity 343668K, committed 343808K, reserved 1359872K
  class space    used 31623K, capacity 33247K, committed 33280K, reserved 1048576K
Event: 84.857 GC heap after
Heap after GC invocations=57 (full 6):
 PSYoungGen      total 1076224K, used 33898K [0x000000076ab00000, 0x00000007b3a80000, 0x00000007c0000000)
  eden space 1030656K, 0% used [0x000000076ab00000,0x000000076ab00000,0x00000007a9980000)
  from space 45568K, 74% used [0x00000007a9980000,0x00000007aba9aa48,0x00000007ac600000)
  to   space 47104K, 0% used [0x00000007b0c80000,0x00000007b0c80000,0x00000007b3a80000)
 ParOldGen       total 710144K, used 59672K [0x00000006c0000000, 0x00000006eb580000, 0x000000076ab00000)
  object space 710144K, 8% used [0x00000006c0000000,0x00000006c3a461a8,0x00000006eb580000)
 Metaspace       used 315399K, capacity 343668K, committed 343808K, reserved 1359872K
  class space    used 31623K, capacity 33247K, committed 33280K, reserved 1048576K
}
Event: 88.883 GC heap before
{Heap before GC invocations=58 (full 6):
 PSYoungGen      total 1076224K, used 1064554K [0x000000076ab00000, 0x00000007b3a80000, 0x00000007c0000000)
  eden space 1030656K, 100% used [0x000000076ab00000,0x00000007a9980000,0x00000007a9980000)
  from space 45568K, 74% used [0x00000007a9980000,0x00000007aba9aa48,0x00000007ac600000)
  to   space 47104K, 0% used [0x00000007b0c80000,0x00000007b0c80000,0x00000007b3a80000)
 ParOldGen       total 710144K, used 59672K [0x00000006c0000000, 0x00000006eb580000, 0x000000076ab00000)
  object space 710144K, 8% used [0x00000006c0000000,0x00000006c3a461a8,0x00000006eb580000)
 Metaspace       used 316645K, capacity 345734K, committed 345856K, reserved 1361920K
  class space    used 31864K, capacity 33529K, committed 33536K, reserved 1048576K
Event: 88.935 GC heap after
Heap after GC invocations=58 (full 6):
 PSYoungGen      total 1147904K, used 31879K [0x000000076ab00000, 0x00000007b3b00000, 0x00000007c0000000)
  eden space 1100800K, 0% used [0x000000076ab00000,0x000000076ab00000,0x00000007ade00000)
  from space 47104K, 67% used [0x00000007b0c80000,0x00000007b2ba1c10,0x00000007b3a80000)
  to   space 47616K, 0% used [0x00000007ade00000,0x00000007ade00000,0x00000007b0c80000)
 ParOldGen       total 710144K, used 60688K [0x00000006c0000000, 0x00000006eb580000, 0x000000076ab00000)
  object space 710144K, 8% used [0x00000006c0000000,0x00000006c3b441a8,0x00000006eb580000)
 Metaspace       used 316645K, capacity 345734K, committed 345856K, reserved 1361920K
  class space    used 31864K, capacity 33529K, committed 33536K, reserved 1048576K
}
Event: 106.092 GC heap before
{Heap before GC invocations=59 (full 6):
 PSYoungGen      total 1147904K, used 1132679K [0x000000076ab00000, 0x00000007b3b00000, 0x00000007c0000000)
  eden space 1100800K, 100% used [0x000000076ab00000,0x00000007ade00000,0x00000007ade00000)
  from space 47104K, 67% used [0x00000007b0c80000,0x00000007b2ba1c10,0x00000007b3a80000)
  to   space 47616K, 0% used [0x00000007ade00000,0x00000007ade00000,0x00000007b0c80000)
 ParOldGen       total 710144K, used 60688K [0x00000006c0000000, 0x00000006eb580000, 0x000000076ab00000)
  object space 710144K, 8% used [0x00000006c0000000,0x00000006c3b441a8,0x00000006eb580000)
 Metaspace       used 317423K, capacity 347018K, committed 347136K, reserved 1361920K
  class space    used 32028K, capacity 33721K, committed 33792K, reserved 1048576K

